[colorlib.com/etc/lf/Login_v1/index.html]
[backblue.gif]
[fade.gif]
[index.html]
[colorlib.com/etc/lf/Login_v1/images/icons/favicon.ico]
[colorlib.com/etc/lf/Login_v1/vendor/bootstrap/css/bootstrap.min.css]
[colorlib.com/etc/lf/Login_v1/fonts/font-awesome-4.7.0/css/font-awesome.min.css]
[colorlib.com/etc/lf/Login_v1/vendor/animate/animate.css]
[colorlib.com/etc/lf/Login_v1/vendor/css-hamburgers/hamburgers.min.css]
[colorlib.com/etc/lf/Login_v1/vendor/select2/select2.min.css]
[colorlib.com/etc/lf/Login_v1/css/util.css]
[colorlib.com/etc/lf/Login_v1/css/main.css]
[colorlib.com/etc/lf/Login_v1/images/img-01.png]
[colorlib.com/etc/lf/Login_v1/vendor/jquery/jquery-3.2.1.min.js]
[colorlib.com/etc/lf/Login_v1/vendor/bootstrap/js/popper.js]
[colorlib.com/etc/lf/Login_v1/vendor/bootstrap/js/bootstrap.min.js]
[colorlib.com/etc/lf/Login_v1/vendor/select2/select2.min.js]
[colorlib.com/etc/lf/Login_v1/vendor/tilt/tilt.jquery.min.js]
[colorlib.com/etc/lf/Login_v1/js/main.js]
[colorlib.com/etc/lf/Login_v1/index.html]
[colorlib.com/etc/lf/Login_v1/vendor/bootstrap/css/bootstrap.min.css]
[ajax.cloudflare.com/cdn-cgi/scripts/95c75768/cloudflare-static/rocket-loader.min.js]
[colorlib.com/etc/lf/Login_v1/fonts/font-awesome-4.7.0/fonts/fontawesome-webfont3e6e.eot]
[colorlib.com/etc/lf/Login_v1/fonts/font-awesome-4.7.0/fonts/fontawesome-webfontd41d.eot]
[colorlib.com/etc/lf/Login_v1/fonts/font-awesome-4.7.0/fonts/fontawesome-webfont3e6e.woff2]
[colorlib.com/etc/lf/Login_v1/fonts/font-awesome-4.7.0/fonts/fontawesome-webfont3e6e.woff]
[colorlib.com/etc/lf/Login_v1/fonts/font-awesome-4.7.0/fonts/fontawesome-webfont3e6e.ttf]
[colorlib.com/etc/lf/Login_v1/fonts/font-awesome-4.7.0/css/font-awesome.min.css]
[colorlib.com/etc/lf/Login_v1/vendor/animate/animate.css]
[colorlib.com/etc/lf/Login_v1/vendor/css-hamburgers/hamburgers.min.css]
[colorlib.com/etc/lf/Login_v1/vendor/select2/select2.min.css]
[colorlib.com/etc/lf/Login_v1/css/util.css]
[colorlib.com/etc/lf/Login_v1/fonts/font-awesome-4.7.0/fonts/fontawesome-webfont3e6e.svg]
[colorlib.com/etc/lf/Login_v1/fonts/poppins/Poppins-Regular.ttf]
[colorlib.com/etc/lf/Login_v1/fonts/poppins/Poppins-Bold.ttf]
[colorlib.com/etc/lf/Login_v1/fonts/poppins/Poppins-Medium.ttf]
[colorlib.com/etc/lf/Login_v1/css/main.css]
[colorlib.com/etc/lf/Login_v1/fonts/font-awesome-4.7.0/fonts/fontawesome-webfont3e6e.svg]
[colorlib.com/etc/lf/Login_v1/fonts/montserrat/Montserrat-Bold.ttf]
